  pch.cpp
  ARDisplay.cpp
  ARVirtualScreen.cpp
  CustomCursor.cpp
  DisplayRegion.cpp
  DisplayRegionGuideView.cpp
C:\Users\sekishuhei\010_develop\ARWorkspace\ARWorkspaceEngine\Source\DisplayRegionGuideView.cpp(65,39): warning C4244: '=': 'double' から 'LONG' への変換です。データが失われる可能性があります。
C:\Users\sekishuhei\010_develop\ARWorkspace\ARWorkspaceEngine\Source\DisplayRegionGuideView.cpp(66,38): warning C4244: '=': 'double' から 'LONG' への変換です。データが失われる可能性があります。
C:\Users\sekishuhei\010_develop\ARWorkspace\ARWorkspaceEngine\Source\DisplayRegionGuideView.cpp(67,68): warning C4244: '=': 'double' から 'LONG' への変換です。データが失われる可能性があります。
C:\Users\sekishuhei\010_develop\ARWorkspace\ARWorkspaceEngine\Source\DisplayRegionGuideView.cpp(68,70): warning C4244: '=': 'double' から 'LONG' への変換です。データが失われる可能性があります。
  DisplayRegionGuideWindow.cpp
C:\Users\sekishuhei\010_develop\ARWorkspace\ARWorkspaceEngine\Source\DisplayRegionGuideWindow.cpp(25,9): warning C4302: '型キャスト': 'LPWSTR' から 'WORD' へ切り詰めます。
C:\Users\sekishuhei\010_develop\ARWorkspace\ARWorkspaceEngine\Source\DisplayRegionGuideWindow.cpp(31,9): warning C4302: '型キャスト': 'LPWSTR' から 'WORD' へ切り詰めます。
C:\Users\sekishuhei\010_develop\ARWorkspace\ARWorkspaceEngine\Source\DisplayRegionGuideWindow.cpp(39,47): warning C4302: '型キャスト': 'LPWSTR' から 'WORD' へ切り詰めます。
  DropDownMenu.cpp
C:\Users\sekishuhei\010_develop\ARWorkspace\ARWorkspaceEngine\Source\DropDownMenu.cpp(13,8): warning C4244: '初期化中': 'double' から 'int' への変換です。データが失われる可能性があります。
  GuiMenu.cpp
C:\Users\sekishuhei\010_develop\ARWorkspace\ARWorkspaceEngine\Source\GuiMenu.cpp(42,44): warning C4244: '引数': 'double' から 'int' への変換です。データが失われる可能性があります。
C:\Users\sekishuhei\010_develop\ARWorkspace\ARWorkspaceEngine\Source\GuiMenu.cpp(41,45): warning C4244: '引数': 'double' から 'int' への変換です。データが失われる可能性があります。
C:\Users\sekishuhei\010_develop\ARWorkspace\ARWorkspaceEngine\Source\GuiMenu.cpp(50,45): warning C4244: '引数': 'double' から 'int' への変換です。データが失われる可能性があります。
C:\Users\sekishuhei\010_develop\ARWorkspace\ARWorkspaceEngine\Source\GuiMenu.cpp(49,44): warning C4244: '引数': 'double' から 'int' への変換です。データが失われる可能性があります。
C:\Users\sekishuhei\010_develop\ARWorkspace\ARWorkspaceEngine\Source\GuiMenu.cpp(58,49): warning C4244: '引数': 'double' から 'int' への変換です。データが失われる可能性があります。
C:\Users\sekishuhei\010_develop\ARWorkspace\ARWorkspaceEngine\Source\GuiMenu.cpp(57,49): warning C4244: '引数': 'double' から 'int' への変換です。データが失われる可能性があります。
C:\Users\sekishuhei\010_develop\ARWorkspace\ARWorkspaceEngine\Source\GuiMenu.cpp(66,50): warning C4244: '引数': 'double' から 'int' への変換です。データが失われる可能性があります。
C:\Users\sekishuhei\010_develop\ARWorkspace\ARWorkspaceEngine\Source\GuiMenu.cpp(65,48): warning C4244: '引数': 'double' から 'int' への変換です。データが失われる可能性があります。
C:\Program Files (x86)\Microsoft Visual Studio\2019\Community\VC\Tools\MSVC\14.24.28314\include\type_traits(1605,27): warning C4244: 'return': 'double' から '_Rx' への変換です。データが失われる可能性があります。
          with
          [
              _Rx=int
          ]
C:\Program Files (x86)\Microsoft Visual Studio\2019\Community\VC\Tools\MSVC\14.24.28314\include\functional(925): message : コンパイル対象の関数 テンプレート インスタンス化 '_Rx std::_Invoker_ret<_Rx,false>::_Call<_Callable&,_Ty>(_Callable &,_Ty &&)' のリファレンスを確認してください
          with
          [
              _Rx=int,
              _Callable=ARWorkspace::GuiMenu::{ctor}::<lambda_1>,
              _Ty=int
          ]
C:\Program Files (x86)\Microsoft Visual Studio\2019\Community\VC\Tools\MSVC\14.24.28314\include\functional(926): message : コンパイル対象の関数 テンプレート インスタンス化 '_Rx std::_Invoker_ret<_Rx,false>::_Call<_Callable&,_Ty>(_Callable &,_Ty &&)' のリファレンスを確認してください
          with
          [
              _Rx=int,
              _Callable=ARWorkspace::GuiMenu::{ctor}::<lambda_1>,
              _Ty=int
          ]
C:\Program Files (x86)\Microsoft Visual Studio\2019\Community\VC\Tools\MSVC\14.24.28314\include\functional(925): message : クラス テンプレート メンバー関数 '_Rx std::_Func_impl_no_alloc<ARWorkspace::GuiMenu::{ctor}::<lambda_1>,_Rx,int>::_Do_call(int &&)' のコンパイル中
          with
          [
              _Rx=int
          ]
C:\Program Files (x86)\Microsoft Visual Studio\2019\Community\VC\Tools\MSVC\14.24.28314\include\functional(807): message : コンパイル対象の クラス テンプレート インスタンス化 'std::_Func_impl_no_alloc<ARWorkspace::GuiMenu::{ctor}::<lambda_1>,_Ret,int>' のリファレンスを確認してください
          with
          [
              _Ret=int
          ]
C:\Program Files (x86)\Microsoft Visual Studio\2019\Community\VC\Tools\MSVC\14.24.28314\include\functional(1011): message : コンパイルされている変数テンプレート 'const bool _Is_large<std::_Func_impl_no_alloc<`ARWorkspace::GuiMenu::GuiMenu'::`2'::<lambda_1>,int,int> >' のリファレンスをご参照ください
C:\Program Files (x86)\Microsoft Visual Studio\2019\Community\VC\Tools\MSVC\14.24.28314\include\functional(1130): message : コンパイル対象の関数 テンプレート インスタンス化 'void std::_Func_class<_Ret,int>::_Reset<ARWorkspace::GuiMenu::{ctor}::<lambda_1>>(_Fx &&)' のリファレンスを確認してください
          with
          [
              _Ret=int,
              _Fx=ARWorkspace::GuiMenu::{ctor}::<lambda_1>
          ]
C:\Program Files (x86)\Microsoft Visual Studio\2019\Community\VC\Tools\MSVC\14.24.28314\include\functional(1130): message : コンパイル対象の関数 テンプレート インスタンス化 'void std::_Func_class<_Ret,int>::_Reset<ARWorkspace::GuiMenu::{ctor}::<lambda_1>>(_Fx &&)' のリファレンスを確認してください
          with
          [
              _Ret=int,
              _Fx=ARWorkspace::GuiMenu::{ctor}::<lambda_1>
          ]
C:\Users\sekishuhei\010_develop\ARWorkspace\ARWorkspaceEngine\Source\GuiMenu.cpp(77): message : コンパイル対象の関数 テンプレート インスタンス化 'std::function<int (int)>::function<ARWorkspace::GuiMenu::{ctor}::<lambda_1>,void>(_Fx)' のリファレンスを確認してください
          with
          [
              _Fx=ARWorkspace::GuiMenu::{ctor}::<lambda_1>
          ]
C:\Users\sekishuhei\010_develop\ARWorkspace\ARWorkspaceEngine\Source\GuiMenu.cpp(31): message : コンパイル対象の関数 テンプレート インスタンス化 'std::function<int (int)>::function<ARWorkspace::GuiMenu::{ctor}::<lambda_1>,void>(_Fx)' のリファレンスを確認してください
          with
          [
              _Fx=ARWorkspace::GuiMenu::{ctor}::<lambda_1>
          ]
C:\Program Files (x86)\Microsoft Visual Studio\2019\Community\VC\Tools\MSVC\14.24.28314\include\chrono(632): message : コンパイル対象の クラス テンプレート インスタンス化 'std::chrono::duration<double,std::ratio<1,1>>' のリファレンスを確認してください
C:\Program Files (x86)\Microsoft Visual Studio\2019\Community\VC\Tools\MSVC\14.24.28314\include\chrono(178): message : コンパイル対象の クラス テンプレート インスタンス化 'std::chrono::duration<__int64,std::nano>' のリファレンスを確認してください
C:\Program Files (x86)\Microsoft Visual Studio\2019\Community\VC\Tools\MSVC\14.24.28314\include\chrono(610): message : コンパイル対象の クラス テンプレート インスタンス化 'std::chrono::time_point<std::chrono::steady_clock,std::chrono::nanoseconds>' のリファレンスを確認してください
  KeyCommand.cpp
C:\Users\sekishuhei\010_develop\ARWorkspace\ARWorkspaceEngine\Source\KeyCommand.cpp(24,45): warning C4244: '引数': 'double' から 'int' への変換です。データが失われる可能性があります。
C:\Users\sekishuhei\010_develop\ARWorkspace\ARWorkspaceEngine\Source\KeyCommand.cpp(23,45): warning C4244: '引数': 'double' から 'int' への変換です。データが失われる可能性があります。
C:\Users\sekishuhei\010_develop\ARWorkspace\ARWorkspaceEngine\Source\KeyCommand.cpp(30,51): warning C4244: '引数': 'double' から 'int' への変換です。データが失われる可能性があります。
C:\Users\sekishuhei\010_develop\ARWorkspace\ARWorkspaceEngine\Source\KeyCommand.cpp(29,50): warning C4244: '引数': 'double' から 'int' への変換です。データが失われる可能性があります。
  SensorApiManager.cpp
  Utility.cpp
  ValueEditor.cpp
C:\Users\sekishuhei\010_develop\ARWorkspace\ARWorkspaceEngine\Source\ValueEditor.cpp(22,8): warning C4244: '初期化中': 'double' から 'int' への変換です。データが失われる可能性があります。
C:\Users\sekishuhei\010_develop\ARWorkspace\ARWorkspaceEngine\Source\ValueEditor.cpp(51,32): warning C4101: 'error': ローカル変数は 1 度も使われていません。
  WinScreenCapture.cpp
C:\Users\sekishuhei\010_develop\ARWorkspace\ARWorkspaceEngine\Source\WinScreenCapture.cpp(31,20): warning C4244: '=': 'double' から 'DWORD' への変換です。データが失われる可能性があります。
C:\Users\sekishuhei\010_develop\ARWorkspace\ARWorkspaceEngine\Source\WinScreenCapture.cpp(41,20): warning C4244: '=': 'double' から 'DWORD' への変換です。データが失われる可能性があります。
  ARWorkspaceEngine.vcxproj -> C:\Users\sekishuhei\010_develop\ARWorkspace\x64\Release\ARWorkspaceEngine.lib
